#
# Copyright 2007-2016, Kaazing Corporation. All rights reserved.
#
# Licensed under the Apache License, Version 2.0 (the "License");
# you may not use this file except in compliance with the License.
# You may obtain a copy of the License at
#
# http://www.apache.org/licenses/LICENSE-2.0
#
# Unless required by applicable law or agreed to in writing, software
# distributed under the License is distributed on an "AS IS" BASIS,
# WITHOUT WARRANTIES OR CONDITIONS OF ANY KIND, either express or implied.
# See the License for the specific language governing permissions and
# limitations under the License.
#

property newSourceRef ${nuklei:newInitialRef()} # external scope

property nukleiC2C ${nuklei:directory("target/nukleus-itests").controlCapacity(1024, 1024)}

property controlC2C ${nukleiC2C.control("ws")}

connect await ROUTABLE
        agrona://stream/bidirectional
        option reader ${agrona:broadcastReceiver(controlC2C.controller)}
        option writer ${agrona:manyToOneWriter(controlC2C.nukleus)}

connected

write [0x00 0x00 0x00 0x02]
write ${controlC2C.nextCorrelationId()}
write ${newSourceRef}
write flush

read [0x40 0x00 0x00 0x02]
read ${controlC2C.correlationId()}
read ${newSourceRef}

close
closed

read notify UNROUTABLE
