#
# Copyright 2007-2016, Kaazing Corporation. All rights reserved.
#
# Licensed under the Apache License, Version 2.0 (the "License");
# you may not use this file except in compliance with the License.
# You may obtain a copy of the License at
#
# http://www.apache.org/licenses/LICENSE-2.0
#
# Unless required by applicable law or agreed to in writing, software
# distributed under the License is distributed on an "AS IS" BASIS,
# WITHOUT WARRANTIES OR CONDITIONS OF ANY KIND, either express or implied.
# See the License for the specific language governing permissions and
# limitations under the License.
#

property nukleiC12NP ${nuklei:directory("target/nukleus-itests").controlCapacity(1024, 1024)}

property controlC12NP ${nukleiC12NP.controlNew("ws")}

connect await ROUTED
        agrona://stream/bidirectional
        option reader ${agrona:manyToOneReader(controlC12NP.nukleus)}
        option writer ${agrona:broadcastTransmitter(controlC12NP.controller)}

connected

read [0x00 0x00 0x00 0x12]
read ([0..8]:correlationId)
read [0x06] "source"
read ([0..8]:sourceRefC12NP)
read [0x06] "target"
read ([0..8]:targetRefC12NP)
read [0x05] "reply"
read [0x0c] "sub-protocol"

write [0x40 0x00 0x00 0x12]
write ${correlationId}
write [0x06] "source"
write ${sourceRefC12NP}
write [0x06] "target"
write ${targetRefC12NP}
write [0x05] "reply"
write [0x0c] "sub-protocol"
write flush

close
closed
