#
# Copyright 2007-2015, Kaazing Corporation. All rights reserved.
#
# Licensed under the Apache License, Version 2.0 (the "License");
# you may not use this file except in compliance with the License.
# You may obtain a copy of the License at
#
# http://www.apache.org/licenses/LICENSE-2.0
#
# Unless required by applicable law or agreed to in writing, software
# distributed under the License is distributed on an "AS IS" BASIS,
# WITHOUT WARRANTIES OR CONDITIONS OF ANY KIND, either express or implied.
# See the License for the specific language governing permissions and
# limitations under the License.
#

property control ${control:map("target/nukleus-itests/http/control", 1024, 1024)}

property referenceId ${streams:newReferenceId()}

connect await BOUND
        agrona://stream/bidirectional
        option reader ${agrona:broadcastReceiver(control.controller)}
        option writer ${agrona:manyToOneWriter(control.nukleus)}

connected

write [0x00 0x00 0x00 0x12]
write ${control.nextCorrelationId()}
write ${referenceId}
write flush

read [0x40 0x00 0x00 0x12]
read ([0..8]:correlationId)
read [0x06] "source"
read ([0..8]:sourceRef)
read [0x0b] "destination"
read [0x00] [0x05] ":path" [0x01] "/"
read [0x00] [0x04] "host" [0x0e] "localhost:8080"

close
closed

read notify UNBOUND
