#
# Copyright 2007-2016, Kaazing Corporation. All rights reserved.
#
# Licensed under the Apache License, Version 2.0 (the "License");
# you may not use this file except in compliance with the License.
# You may obtain a copy of the License at
#
# http://www.apache.org/licenses/LICENSE-2.0
#
# Unless required by applicable law or agreed to in writing, software
# distributed under the License is distributed on an "AS IS" BASIS,
# WITHOUT WARRANTIES OR CONDITIONS OF ANY KIND, either express or implied.
# See the License for the specific language governing permissions and
# limitations under the License.
#

property newSourceRef ${nuklei:newInitialRef()} # external scope

property nuklei ${nuklei:directory("target/nukleus-itests").streamsCapacity(1024 * 1024, 64 * 1024)}

property sourceInitial ${nuklei.streams("http", "source")}
property sourceReply ${nuklei.streams("reply", "http#target")}

property newSourceId ${nuklei:newStreamId()}
property newSourceReplyRef ${nuklei:newReplyRef()}
property newSourceReplyId ${nuklei:newStreamId()}

connect await ROUTED
        agrona://stream/bidirectional
        option reader ${agrona:manyToOneReader(sourceReply.buffer)}
        option writer ${agrona:manyToOneWriter(sourceInitial.buffer)}
connected

write [0x00 0x00 0x00 0x01]
write ${newSourceId}
write ${newSourceRef}
write ${newSourceReplyId}
write ${newSourceReplyRef}
write flush

write [0x00 0x00 0x00 0x02]
write ${newSourceId}
write [0x28]
write "GET / HTTP/1.2\r\n"
write "Host: localhost:8080\r\n"
write "\r\n"
write flush

read [0x00 0x00 0x00 0x01]
read ${newSourceReplyId}
read ${newSourceReplyRef}
read ${newSourceId}
read ${newSourceRef}

read [0x00 0x00 0x00 0x02]
read ${newSourceReplyId}
read [0..1]
read "HTTP/1.1"
