#
# Copyright 2007-2015, Kaazing Corporation. All rights reserved.
#
# Licensed under the Apache License, Version 2.0 (the "License");
# you may not use this file except in compliance with the License.
# You may obtain a copy of the License at
#
# http://www.apache.org/licenses/LICENSE-2.0
#
# Unless required by applicable law or agreed to in writing, software
# distributed under the License is distributed on an "AS IS" BASIS,
# WITHOUT WARRANTIES OR CONDITIONS OF ANY KIND, either express or implied.
# See the License for the specific language governing permissions and
# limitations under the License.
#

property handler ${streams:map("target/nukleus-itests/handler/streams/tcp", 1024 * 1024)}
property nukleus ${streams:map("target/nukleus-itests/tcp/streams/handler", 1024 * 1024)}

property newServerStreamId ${streams:newServerStreamId()}

connect await PREPARED
        agrona://stream/bidirectional
        option reader ${agrona:manyToOneReader(nukleus.buffer)}
        option writer ${agrona:manyToOneWriter(handler.buffer)}
connected

read [0x00 0x00 0x00 0x01]
read ([0..8]:clientStreamId)
read ([0..8]:referenceId)

write [0x00 0x00 0x00 0x01]
write ${newServerStreamId}
write ${clientStreamId}
write flush

close
closed
