#
# Copyright 2007-2015, Kaazing Corporation. All rights reserved.
#
# Licensed under the Apache License, Version 2.0 (the "License");
# you may not use this file except in compliance with the License.
# You may obtain a copy of the License at
#
# http://www.apache.org/licenses/LICENSE-2.0
#
# Unless required by applicable law or agreed to in writing, software
# distributed under the License is distributed on an "AS IS" BASIS,
# WITHOUT WARRANTIES OR CONDITIONS OF ANY KIND, either express or implied.
# See the License for the specific language governing permissions and
# limitations under the License.
#

property sourceInitial ${streams:map("target/nukleus-itests/http/streams/source", 1024 * 1024)}
property sourceReply ${streams:map("target/nukleus-itests/source/streams/http", 1024 * 1024)}

property destinationInitial ${streams:map("target/nukleus-itests/destination/streams/http", 1024 * 1024)}
property destinationReply ${streams:map("target/nukleus-itests/http/streams/destination", 1024 * 1024)}

property newInitialStreamId ${streams:newInitialStreamId()}
property newReplyStreamId ${streams:newReplyStreamId()}
property newDestinationRef ${streams:newReferenceId()}

connect await BOUND
        agrona://stream/bidirectional
        option reader ${agrona:manyToOneReader(sourceInitial.buffer)}
        option writer ${agrona:manyToOneWriter(sourceReply.buffer)}
connected

read [0x00 0x00 0x00 0x01]
read ([0..8]:sourceStreamId)
read ([0..8]:sourceRef)

write [0x00 0x00 0x00 0x01]
write ${newReplyStreamId}
write ${sourceStreamId}
write flush

read [0x00 0x00 0x00 0x02]
read ${sourceStreamId}
read "GET /Some%20Path HTTP/1.1\r\n"
read "Host: localhost:8080\r\n"
read "\r\n"

close
closed

connect await BOUND
        agrona://stream/bidirectional
        option reader ${agrona:manyToOneReader(destinationReply.buffer)}
        option writer ${agrona:manyToOneWriter(destinationInitial.buffer)}
connected

write [0x00 0x00 0x00 0x01]
write ${newInitialStreamId}
write ${newDestinationRef}
write [0x00] [0x07] ":scheme" [0x04] "http"
write [0x00] [0x07] ":method" [0x03] "GET"
write [0x00] [0x05] ":path"   [0x0a] "/Some Path"
write [0x00] [0x04] "host"    [0x0e] "localhost:8080"
write flush

close
closed
