#
# A fatal error has been detected by the Java Runtime Environment:
#
#  SIGSEGV (0xb) at pc=0x0000000104d8ae0f, pid=36067, tid=13315
#
# JRE version: Java(TM) SE Runtime Environment (8.0_25-b17) (build 1.8.0_25-b17)
# Java VM: Java HotSpot(TM) 64-Bit Server VM (25.25-b02 mixed mode bsd-amd64 compressed oops)
# Problematic frame:
# V  [libjvm.dylib+0x38ae0f]
#
# Failed to write core dump. Core dumps have been disabled. To enable core dumping, try "ulimit -c unlimited" before starting Java again
#
# If you would like to submit a bug report, please visit:
#   http://bugreport.sun.com/bugreport/crash.jsp
#

---------------  T H R E A D  ---------------

Current thread (0x00007fb60a80d000):  VMThread [stack: 0x0000700000a35000,0x0000700000b35000] [id=13315]

siginfo: si_signo: 11 (SIGSEGV), si_code: 1 (SEGV_MAPERR), si_addr: 0x0000000100000059

Registers:
RAX=0x0000000100000059, RBX=0x00007fb60a80d000, RCX=0x0000000000000000, RDX=0x000000011e6e8d50
RSP=0x0000700000b347d0, RBP=0x0000700000b348c0, RSI=0x0000000000000230, RDI=0x00007fb60a8cd330
R8 =0x00007fb60a80d000, R9 =0x000000000000000a, R10=0x0000000000000001, R11=0x00007fb60a8cd090
R12=0x000000000000003e, R13=0x00000007c00c1660, R14=0x0000000000000018, R15=0x0000000000000000
RIP=0x0000000104d8ae0f, EFLAGS=0x0000000000010202, ERR=0x0000000000000004
  TRAPNO=0x000000000000000e

Top of Stack: (sp=0x0000700000b347d0)
0x0000700000b347d0:   0000700000b34820 0000000104d8b753
0x0000700000b347e0:   0000001400000000 0000000000000000
0x0000700000b347f0:   000000011e6e8d50 0000000100000059
0x0000700000b34800:   00007fb60a80d000 0000000100000000
0x0000700000b34810:   00007fb600000230 00007fb60a8cd330
0x0000700000b34820:   0000700000b34940 0000000104d8c705
0x0000700000b34830:   00007fb60a80d000 0000000000000028
0x0000700000b34840:   000000011e7c4d40 000000011e7c5e80
0x0000700000b34850:   0000000000000005 0000000000000002
0x0000700000b34860:   0000000000000008 00007fb60a80d000
0x0000700000b34870:   00007fb609d0ae40 00007fb609d0ae70
0x0000700000b34880:   00007fb609d0ae80 00007fb609d0af58
0x0000700000b34890:   00000000000000d8 00007fb60a8cd330
0x0000700000b348a0:   000000000000003e 00000007c00c1660
0x0000700000b348b0:   0000000000000018 0000000000000000
0x0000700000b348c0:   0000700000b34940 0000000104d8b398
0x0000700000b348d0:   0000000000000003 00007fb60a80d000
0x0000700000b348e0:   00007fb60a80d000 00007fb609d0ae40
0x0000700000b348f0:   00007fb609d0ae70 00007fb609d0ae80
0x0000700000b34900:   00007fb609d0af58 00000000000000d8
0x0000700000b34910:   0000700000b34a20 00000007c00c5e00
0x0000700000b34920:   0000000000000000 0000000000003400
0x0000700000b34930:   00000007c00c1660 00007fb60a80d000
0x0000700000b34940:   0000700000b34a80 0000000104d79e49
0x0000700000b34950:   000000011e7a1fc8 000000076bb0b5d8
0x0000700000b34960:   00007fb60a80d000 0000700000fc3960
0x0000700000b34970:   0000000103624000 0000000105b84290
0x0000700000b34980:   0000000000000000 0000000105b843e8
0x0000700000b34990:   0000000105b843e8 0000000105b84290
0x0000700000b349a0:   0000000105b845a8 00007fb609d0aa50
0x0000700000b349b0:   00007fb60a8cc000 00007fb60a8cd270
0x0000700000b349c0:   00007fb60a8d3fe8 00000000000083b0 

Instructions: (pc=0x0000000104d8ae0f)
0x0000000104d8adef:   95 30 ff ff ff 89 b5 50 ff ff ff 48 89 bd 58 ff
0x0000000104d8adff:   ff ff 48 8b 82 80 01 00 00 48 89 85 38 ff ff ff
0x0000000104d8ae0f:   8b 00 89 85 44 ff ff ff 48 8d 05 c2 f7 45 00 48
0x0000000104d8ae1f:   63 38 e8 92 5a 20 00 48 8d 7d a0 48 89 c6 e8 6e 

Register to memory mapping:

RAX=0x0000000100000059 is an unknown value
RBX=0x00007fb60a80d000 is an unknown value
RCX=0x0000000000000000 is an unknown value
RDX={method} {0x000000011e6e8d50} 'andThen' '(Ljava/util/function/Consumer;)Ljava/util/function/Consumer;' in 'java/util/function/Consumer'
RSP=0x0000700000b347d0 is an unknown value
RBP=0x0000700000b348c0 is an unknown value
RSI=0x0000000000000230 is an unknown value
RDI=0x00007fb60a8cd330 is an unknown value
R8 =0x00007fb60a80d000 is an unknown value
R9 =0x000000000000000a is an unknown value
R10=0x0000000000000001 is an unknown value
R11=0x00007fb60a8cd090 is an unknown value
R12=0x000000000000003e is an unknown value
R13=0x00000007c00c1660 is pointing into metadata
R14=0x0000000000000018 is an unknown value
R15=0x0000000000000000 is an unknown value


Stack: [0x0000700000a35000,0x0000700000b35000],  sp=0x0000700000b347d0,  free space=1021k
Native frames: (J=compiled Java code, j=interpreted, Vv=VM code, C=native code)
V  [libjvm.dylib+0x38ae0f]
V  [libjvm.dylib+0x38b398]
V  [libjvm.dylib+0x379e49]
V  [libjvm.dylib+0x3783d9]
V  [libjvm.dylib+0x580c21]
V  [libjvm.dylib+0x57f293]
V  [libjvm.dylib+0x57f6e0]
V  [libjvm.dylib+0x57efff]
V  [libjvm.dylib+0x45d87e]
C  [libsystem_pthread.dylib+0x39b1]  _pthread_body+0x83
C  [libsystem_pthread.dylib+0x392e]  _pthread_body+0x0
C  [libsystem_pthread.dylib+0x1385]  thread_start+0xd

VM_Operation (0x0000700000fc3960): RedefineClasses, mode: safepoint, requested by thread 0x00007fb60c015800


---------------  P R O C E S S  ---------------

Java Threads: ( => current thread )
  0x00007fb60c103800 JavaThread "Thread-2" [_thread_blocked, id=25863, stack(0x00007000019e5000,0x0000700001ae5000)]
  0x00007fb60a850000 JavaThread "Thread-0" [_thread_in_native, id=24067, stack(0x00007000018e2000,0x00007000019e2000)]
  0x00007fb60a043800 JavaThread "ReaderThread" [_thread_in_native, id=23555, stack(0x00007000017df000,0x00007000018df000)]
  0x00007fb60a041800 JavaThread "Service Thread" daemon [_thread_blocked, id=22531, stack(0x00007000015d9000,0x00007000016d9000)]
  0x00007fb60a03f000 JavaThread "C1 CompilerThread3" daemon [_thread_blocked, id=22019, stack(0x00007000014d6000,0x00007000015d6000)]
  0x00007fb60c808800 JavaThread "C2 CompilerThread2" daemon [_thread_blocked, id=21507, stack(0x00007000013d3000,0x00007000014d3000)]
  0x00007fb60a03e000 JavaThread "C2 CompilerThread1" daemon [_thread_blocked, id=20995, stack(0x00007000012d0000,0x00007000013d0000)]
  0x00007fb60d800000 JavaThread "C2 CompilerThread0" daemon [_thread_blocked, id=20483, stack(0x00007000011cd000,0x00007000012cd000)]
  0x00007fb60c016800 JavaThread "JDWP Command Reader" daemon [_thread_in_native, id=19971, stack(0x00007000010ca000,0x00007000011ca000)]
  0x00007fb60a828000 JavaThread "JDWP Event Helper Thread" daemon [_thread_blocked, id=19459, stack(0x0000700000fc7000,0x00007000010c7000)]
  0x00007fb60c015800 JavaThread "JDWP Transport Listener: dt_socket" daemon [_thread_blocked, id=18947, stack(0x0000700000ec4000,0x0000700000fc4000)]
  0x00007fb60c00d800 JavaThread "Signal Dispatcher" daemon [_thread_blocked, id=15887, stack(0x0000700000dc1000,0x0000700000ec1000)]
  0x00007fb60c805000 JavaThread "Finalizer" daemon [_thread_blocked, id=14339, stack(0x0000700000c3b000,0x0000700000d3b000)]
  0x00007fb60c804000 JavaThread "Reference Handler" daemon [_thread_blocked, id=13827, stack(0x0000700000b38000,0x0000700000c38000)]
  0x00007fb60a00d000 JavaThread "main" [_thread_blocked, id=5891, stack(0x000070000011a000,0x000070000021a000)]

Other Threads:
=>0x00007fb60a80d000 VMThread [stack: 0x0000700000a35000,0x0000700000b35000] [id=13315]
  0x00007fb60a042800 WatcherThread [stack: 0x00007000016dc000,0x00007000017dc000] [id=23043]

VM state:at safepoint (normal execution)

VM Mutex/Monitor currently owned by a thread:  ([mutex/lock_event])
[0x00007fb609d041c0] Threads_lock - owner thread: 0x00007fb60a80d000

Heap:
 PSYoungGen      total 76288K, used 18350K [0x000000076ab00000, 0x0000000770000000, 0x00000007c0000000)
  eden space 65536K, 28% used [0x000000076ab00000,0x000000076bcebb10,0x000000076eb00000)
  from space 10752K, 0% used [0x000000076f580000,0x000000076f580000,0x0000000770000000)
  to   space 10752K, 0% used [0x000000076eb00000,0x000000076eb00000,0x000000076f580000)
 ParOldGen       total 175104K, used 0K [0x00000006c0000000, 0x00000006cab00000, 0x000000076ab00000)
  object space 175104K, 0% used [0x00000006c0000000,0x00000006c0000000,0x00000006cab00000)
 Metaspace       used 7036K, capacity 7182K, committed 7296K, reserved 1056768K
  class space    used 841K, capacity 871K, committed 896K, reserved 1048576K

Card table byte_map: [0x0000000114cdc000,0x00000001154dd000] byte_map_base: 0x00000001116dc000

Marking Bits: (ParMarkBitMap*) 0x000000010529d390
 Begin Bits: [0x0000000115a33000, 0x0000000119a33000)
 End Bits:   [0x0000000119a33000, 0x000000011da33000)

Polling page: 0x00000001038cb000

CodeCache: size=245760Kb used=2462Kb max_used=2462Kb free=243297Kb
 bounds [0x000000010591c000, 0x0000000105b8c000, 0x000000011491c000]
 total_blobs=873 nmethods=577 adapters=219
 compilation: enabled

Compilation events (10 events):
Event: 39.408 Thread 0x00007fb60a03f000  573       3       java.nio.Buffer::<init> (121 bytes)
Event: 39.409 Thread 0x00007fb60a03f000 nmethod 573 0x0000000105b816d0 code [0x0000000105b819a0, 0x0000000105b82dc8]
Event: 44.283 Thread 0x00007fb60a03f000  574       3       java.nio.ByteBuffer::hasArray (20 bytes)
Event: 44.283 Thread 0x00007fb60a03f000 nmethod 574 0x0000000105b83790 code [0x0000000105b83900, 0x0000000105b83af0]
Event: 44.487 Thread 0x00007fb60a03f000  575       3       java.nio.Buffer::hasRemaining (17 bytes)
Event: 44.487 Thread 0x00007fb60a03f000 nmethod 575 0x0000000105b83b50 code [0x0000000105b83cc0, 0x0000000105b83e70]
Event: 45.709 Thread 0x00007fb60a03f000  576       3       java.nio.CharBuffer::hasArray (20 bytes)
Event: 45.709 Thread 0x00007fb60a03f000 nmethod 576 0x0000000105b83ed0 code [0x0000000105b84040, 0x0000000105b84230]
Event: 45.709 Thread 0x00007fb60a03f000  577       3       java.nio.charset.CoderResult::isOverflow (14 bytes)
Event: 45.709 Thread 0x00007fb60a03f000 nmethod 577 0x0000000105b84290 code [0x0000000105b84400, 0x0000000105b845b0]

GC Heap History (0 events):
No events

Deoptimization events (0 events):
No events

Internal exceptions (10 events):
Event: 45.099 Thread 0x00007fb60a850000 Exception <a 'java/net/SocketTimeoutException': Read timed out> (0x000000076b85d1f0) thrown at [/HUDSON3/workspace/8-2-build-macosx-x86_64/jdk8u25/1514/hotspot/src/share/vm/prims/jni.cpp, line 742]
Event: 45.300 Thread 0x00007fb60a850000 Exception <a 'java/net/SocketTimeoutException': Read timed out> (0x000000076b85d430) thrown at [/HUDSON3/workspace/8-2-build-macosx-x86_64/jdk8u25/1514/hotspot/src/share/vm/prims/jni.cpp, line 742]
Event: 45.506 Thread 0x00007fb60a850000 Exception <a 'java/net/SocketTimeoutException': Read timed out> (0x000000076b85d670) thrown at [/HUDSON3/workspace/8-2-build-macosx-x86_64/jdk8u25/1514/hotspot/src/share/vm/prims/jni.cpp, line 742]
Event: 45.709 Thread 0x00007fb60a850000 Exception <a 'java/net/SocketTimeoutException': Read timed out> (0x000000076b85d8b0) thrown at [/HUDSON3/workspace/8-2-build-macosx-x86_64/jdk8u25/1514/hotspot/src/share/vm/prims/jni.cpp, line 742]
Event: 45.914 Thread 0x00007fb60a850000 Exception <a 'java/net/SocketTimeoutException': Read timed out> (0x000000076b85daf0) thrown at [/HUDSON3/workspace/8-2-build-macosx-x86_64/jdk8u25/1514/hotspot/src/share/vm/prims/jni.cpp, line 742]
Event: 46.117 Thread 0x00007fb60a850000 Exception <a 'java/net/SocketTimeoutException': Read timed out> (0x000000076b85dd30) thrown at [/HUDSON3/workspace/8-2-build-macosx-x86_64/jdk8u25/1514/hotspot/src/share/vm/prims/jni.cpp, line 742]
Event: 46.322 Thread 0x00007fb60a850000 Exception <a 'java/net/SocketTimeoutException': Read timed out> (0x000000076b85df70) thrown at [/HUDSON3/workspace/8-2-build-macosx-x86_64/jdk8u25/1514/hotspot/src/share/vm/prims/jni.cpp, line 742]
Event: 46.527 Thread 0x00007fb60a850000 Exception <a 'java/net/SocketTimeoutException': Read timed out> (0x000000076b85e1b0) thrown at [/HUDSON3/workspace/8-2-build-macosx-x86_64/jdk8u25/1514/hotspot/src/share/vm/prims/jni.cpp, line 742]
Event: 46.732 Thread 0x00007fb60a850000 Exception <a 'java/net/SocketTimeoutException': Read timed out> (0x000000076b85e3f0) thrown at [/HUDSON3/workspace/8-2-build-macosx-x86_64/jdk8u25/1514/hotspot/src/share/vm/prims/jni.cpp, line 742]
Event: 46.936 Thread 0x00007fb60a850000 Exception <a 'java/net/SocketTimeoutException': Read timed out> (0x000000076b85e630) thrown at [/HUDSON3/workspace/8-2-build-macosx-x86_64/jdk8u25/1514/hotspot/src/share/vm/prims/jni.cpp, line 742]

Events (10 events):
Event: 46.937 Thread 0x00007fb60a850000 DEOPT UNPACKING pc=0x0000000105963373 sp=0x00007000019e13f0 mode 1
Event: 47.099 Executing VM operation: GetCurrentLocation
Event: 47.099 Executing VM operation: GetCurrentLocation done
Event: 47.099 Executing VM operation: EnterInterpOnlyMode
Event: 47.099 Executing VM operation: EnterInterpOnlyMode done
Event: 47.099 Executing VM operation: ChangeSingleStep
Event: 47.099 Executing VM operation: ChangeSingleStep done
Event: 47.099 Executing VM operation: ChangeSingleStep
Event: 47.099 Executing VM operation: ChangeSingleStep done
Event: 47.103 Executing VM operation: RedefineClasses


Dynamic libraries:
0x000000000a1c1000 	/System/Library/Frameworks/Cocoa.framework/Versions/A/Cocoa
0x000000000a1c1000 	/System/Library/Frameworks/Security.framework/Versions/A/Security
0x000000000a1c1000 	/System/Library/Frameworks/ApplicationServices.framework/Versions/A/ApplicationServices
0x000000000a1c1000 	/usr/lib/libz.1.dylib
0x000000000a1c1000 	/usr/lib/libSystem.B.dylib
0x000000000a1c1000 	/usr/lib/libobjc.A.dylib
0x000000000a1c1000 	/System/Library/Frameworks/CoreFoundation.framework/Versions/A/CoreFoundation
0x000000000a1c1000 	/System/Library/Frameworks/Foundation.framework/Versions/C/Foundation
0x000000000a1c1000 	/System/Library/Frameworks/AppKit.framework/Versions/C/AppKit
0x000000000a1c1000 	/System/Library/Frameworks/CoreData.framework/Versions/A/CoreData
0x000000000a1c1000 	/System/Library/PrivateFrameworks/RemoteViewServices.framework/Versions/A/RemoteViewServices
0x000000000a1c1000 	/System/Library/PrivateFrameworks/UIFoundation.framework/Versions/A/UIFoundation
0x000000000a1c1000 	/usr/lib/libScreenReader.dylib
0x000000000a1c1000 	/System/Library/Frameworks/Accelerate.framework/Versions/A/Accelerate
0x000000000a1c1000 	/System/Library/Frameworks/IOSurface.framework/Versions/A/IOSurface
0x000000000a1c1000 	/System/Library/Frameworks/AudioToolbox.framework/Versions/A/AudioToolbox
0x000000000a1c1000 	/System/Library/Frameworks/AudioUnit.framework/Versions/A/AudioUnit
0x000000000a1c1000 	/System/Library/PrivateFrameworks/DataDetectorsCore.framework/Versions/A/DataDetectorsCore
0x000000000a1c1000 	/System/Library/PrivateFrameworks/DesktopServicesPriv.framework/Versions/A/DesktopServicesPriv
0x000000000a1c1000 	/System/Library/Frameworks/Carbon.framework/Versions/A/Frameworks/HIToolbox.framework/Versions/A/HIToolbox
0x000000000a1c1000 	/System/Library/Frameworks/QuartzCore.framework/Versions/A/QuartzCore
0x000000000a1c1000 	/System/Library/Frameworks/Carbon.framework/Versions/A/Frameworks/SpeechRecognition.framework/Versions/A/SpeechRecognition
0x000000000a1c1000 	/usr/lib/libauto.dylib
0x000000000a1c1000 	/usr/lib/libicucore.A.dylib
0x000000000a1c1000 	/usr/lib/libxml2.2.dylib
0x000000000a1c1000 	/System/Library/PrivateFrameworks/CoreUI.framework/Versions/A/CoreUI
0x000000000a1c1000 	/System/Library/Frameworks/CoreAudio.framework/Versions/A/CoreAudio
0x000000000a1c1000 	/System/Library/Frameworks/DiskArbitration.framework/Versions/A/DiskArbitration
0x000000000a1c1000 	/usr/lib/liblangid.dylib
0x000000000a1c1000 	/System/Library/PrivateFrameworks/MultitouchSupport.framework/Versions/A/MultitouchSupport
0x000000000a1c1000 	/System/Library/Frameworks/IOKit.framework/Versions/A/IOKit
0x000000000a1c1000 	/usr/lib/libDiagnosticMessagesClient.dylib
0x000000000a1c1000 	/System/Library/Frameworks/CoreServices.framework/Versions/A/CoreServices
0x000000000a1c1000 	/System/Library/PrivateFrameworks/PerformanceAnalysis.framework/Versions/A/PerformanceAnalysis
0x000000000a1c1000 	/System/Library/PrivateFrameworks/GenerationalStorage.framework/Versions/A/GenerationalStorage
0x000000000a1c1000 	/System/Library/Frameworks/OpenGL.framework/Versions/A/OpenGL
0x000000000a1c1000 	/System/Library/PrivateFrameworks/Sharing.framework/Versions/A/Sharing
0x000000000a1c1000 	/System/Library/Frameworks/CoreGraphics.framework/Versions/A/CoreGraphics
0x000000000a1c1000 	/System/Library/Frameworks/CoreImage.framework/Versions/A/CoreImage
0x000000000a1c1000 	/System/Library/Frameworks/CoreText.framework/Versions/A/CoreText
0x000000000a1c1000 	/System/Library/Frameworks/ImageIO.framework/Versions/A/ImageIO
0x000000000a1c1000 	/System/Library/PrivateFrameworks/Backup.framework/Versions/A/Backup
0x000000000a1c1000 	/usr/lib/libextension.dylib
0x000000000a1c1000 	/usr/lib/libarchive.2.dylib
0x000000000a1c1000 	/System/Library/Frameworks/CFNetwork.framework/Versions/A/CFNetwork
0x000000000a1c1000 	/System/Library/Frameworks/SystemConfiguration.framework/Versions/A/SystemConfiguration
0x000000000a1c1000 	/usr/lib/libCRFSuite.dylib
0x000000000a1c1000 	/usr/lib/libc++.1.dylib
0x000000000a1c1000 	/usr/lib/libc++abi.dylib
0x000000000a1c1000 	/usr/lib/system/libcache.dylib
0x000000000a1c1000 	/usr/lib/system/libcommonCrypto.dylib
0x000000000a1c1000 	/usr/lib/system/libcompiler_rt.dylib
0x000000000a1c1000 	/usr/lib/system/libcopyfile.dylib
0x000000000a1c1000 	/usr/lib/system/libcorecrypto.dylib
0x000000000a1c1000 	/usr/lib/system/libdispatch.dylib
0x000000000a1c1000 	/usr/lib/system/libdyld.dylib
0x000000000a1c1000 	/usr/lib/system/libkeymgr.dylib
0x000000000a1c1000 	/usr/lib/system/liblaunch.dylib
0x000000000a1c1000 	/usr/lib/system/libmacho.dylib
0x000000000a1c1000 	/usr/lib/system/libquarantine.dylib
0x000000000a1c1000 	/usr/lib/system/libremovefile.dylib
0x000000000a1c1000 	/usr/lib/system/libsystem_asl.dylib
0x000000000a1c1000 	/usr/lib/system/libsystem_blocks.dylib
0x000000000a1c1000 	/usr/lib/system/libsystem_c.dylib
0x000000000a1c1000 	/usr/lib/system/libsystem_configuration.dylib
0x000000000a1c1000 	/usr/lib/system/libsystem_coreservices.dylib
0x000000000a1c1000 	/usr/lib/system/libsystem_coretls.dylib
0x000000000a1c1000 	/usr/lib/system/libsystem_dnssd.dylib
0x000000000a1c1000 	/usr/lib/system/libsystem_info.dylib
0x000000000a1c1000 	/usr/lib/system/libsystem_kernel.dylib
0x000000000a1c1000 	/usr/lib/system/libsystem_m.dylib
0x000000000a1c1000 	/usr/lib/system/libsystem_malloc.dylib
0x000000000a1c1000 	/usr/lib/system/libsystem_network.dylib
0x000000000a1c1000 	/usr/lib/system/libsystem_networkextension.dylib
0x000000000a1c1000 	/usr/lib/system/libsystem_notify.dylib
0x000000000a1c1000 	/usr/lib/system/libsystem_platform.dylib
0x000000000a1c1000 	/usr/lib/system/libsystem_pthread.dylib
0x000000000a1c1000 	/usr/lib/system/libsystem_sandbox.dylib
0x000000000a1c1000 	/usr/lib/system/libsystem_secinit.dylib
0x000000000a1c1000 	/usr/lib/system/libsystem_trace.dylib
0x000000000a1c1000 	/usr/lib/system/libunc.dylib
0x000000000a1c1000 	/usr/lib/system/libunwind.dylib
0x000000000a1c1000 	/usr/lib/system/libxpc.dylib
0x000000000a1c1000 	/usr/lib/libenergytrace.dylib
0x000000000a1c1000 	/usr/lib/libbsm.0.dylib
0x000000000a1c1000 	/usr/lib/system/libkxld.dylib
0x000000000a1c1000 	/usr/lib/libxar.1.dylib
0x000000000a1c1000 	/usr/lib/libsqlite3.dylib
0x000000000a1c1000 	/usr/lib/libpam.2.dylib
0x000000000a1c1000 	/usr/lib/libOpenScriptingUtil.dylib
0x000000000a1c1000 	/usr/lib/libbz2.1.0.dylib
0x000000000a1c1000 	/usr/lib/liblzma.5.dylib
0x000000000a1c1000 	/System/Library/Frameworks/CoreServices.framework/Versions/A/Frameworks/FSEvents.framework/Versions/A/FSEvents
0x000000000a1c1000 	/System/Library/Frameworks/CoreServices.framework/Versions/A/Frameworks/CarbonCore.framework/Versions/A/CarbonCore
0x000000000a1c1000 	/System/Library/Frameworks/CoreServices.framework/Versions/A/Frameworks/Metadata.framework/Versions/A/Metadata
0x000000000a1c1000 	/System/Library/Frameworks/CoreServices.framework/Versions/A/Frameworks/OSServices.framework/Versions/A/OSServices
0x000000000a1c1000 	/System/Library/Frameworks/CoreServices.framework/Versions/A/Frameworks/SearchKit.framework/Versions/A/SearchKit
0x000000000a1c1000 	/System/Library/Frameworks/CoreServices.framework/Versions/A/Frameworks/AE.framework/Versions/A/AE
0x000000000a1c1000 	/System/Library/Frameworks/CoreServices.framework/Versions/A/Frameworks/LaunchServices.framework/Versions/A/LaunchServices
0x000000000a1c1000 	/System/Library/Frameworks/CoreServices.framework/Versions/A/Frameworks/DictionaryServices.framework/Versions/A/DictionaryServices
0x000000000a1c1000 	/System/Library/Frameworks/CoreServices.framework/Versions/A/Frameworks/SharedFileList.framework/Versions/A/SharedFileList
0x000000000a1c1000 	/System/Library/Frameworks/NetFS.framework/Versions/A/NetFS
0x000000000a1c1000 	/System/Library/PrivateFrameworks/NetAuth.framework/Versions/A/NetAuth
0x000000000a1c1000 	/System/Library/PrivateFrameworks/login.framework/Versions/A/Frameworks/loginsupport.framework/Versions/A/loginsupport
0x000000000a1c1000 	/System/Library/PrivateFrameworks/TCC.framework/Versions/A/TCC
0x000000000a1c1000 	/usr/lib/libmecabra.dylib
0x000000000a1c1000 	/System/Library/Frameworks/ApplicationServices.framework/Versions/A/Frameworks/ATS.framework/Versions/A/ATS
0x000000000a1c1000 	/System/Library/Frameworks/ApplicationServices.framework/Versions/A/Frameworks/ColorSync.framework/Versions/A/ColorSync
0x000000000a1c1000 	/System/Library/Frameworks/ApplicationServices.framework/Versions/A/Frameworks/HIServices.framework/Versions/A/HIServices
0x000000000a1c1000 	/System/Library/Frameworks/ApplicationServices.framework/Versions/A/Frameworks/LangAnalysis.framework/Versions/A/LangAnalysis
0x000000000a1c1000 	/System/Library/Frameworks/ApplicationServices.framework/Versions/A/Frameworks/PrintCore.framework/Versions/A/PrintCore
0x000000000a1c1000 	/System/Library/Frameworks/ApplicationServices.framework/Versions/A/Frameworks/QD.framework/Versions/A/QD
0x000000000a1c1000 	/System/Library/Frameworks/ApplicationServices.framework/Versions/A/Frameworks/SpeechSynthesis.framework/Versions/A/SpeechSynthesis
0x000000000a1c1000 	/System/Library/Frameworks/Metal.framework/Versions/A/Metal
0x000000000a1c1000 	/System/Library/Frameworks/Accelerate.framework/Versions/A/Frameworks/vImage.framework/Versions/A/vImage
0x000000000a1c1000 	/System/Library/Frameworks/Accelerate.framework/Versions/A/Frameworks/vecLib.framework/Versions/A/vecLib
0x000000000a1c1000 	/System/Library/Frameworks/Accelerate.framework/Versions/A/Frameworks/vecLib.framework/Versions/A/libvDSP.dylib
0x000000000a1c1000 	/System/Library/Frameworks/Accelerate.framework/Versions/A/Frameworks/vecLib.framework/Versions/A/libvMisc.dylib
0x000000000a1c1000 	/System/Library/Frameworks/Accelerate.framework/Versions/A/Frameworks/vecLib.framework/Versions/A/libLAPACK.dylib
0x000000000a1c1000 	/System/Library/Frameworks/Accelerate.framework/Versions/A/Frameworks/vecLib.framework/Versions/A/libBLAS.dylib
0x000000000a1c1000 	/System/Library/Frameworks/Accelerate.framework/Versions/A/Frameworks/vecLib.framework/Versions/A/libLinearAlgebra.dylib
0x000000000a1c1000 	/System/Library/Frameworks/Accelerate.framework/Versions/A/Frameworks/vecLib.framework/Versions/A/libSparseBLAS.dylib
0x000000000a1c1000 	/System/Library/PrivateFrameworks/GPUCompiler.framework/libmetal_timestamp.dylib
0x000000000a1c1000 	/System/Library/Frameworks/OpenGL.framework/Versions/A/Libraries/libCoreFSCache.dylib
0x000000000a1c1000 	/System/Library/PrivateFrameworks/IOAccelerator.framework/Versions/A/IOAccelerator
0x000000000a1c1000 	/System/Library/Frameworks/ApplicationServices.framework/Versions/A/Frameworks/ATS.framework/Versions/A/Resources/libFontParser.dylib
0x000000000a1c1000 	/System/Library/Frameworks/ApplicationServices.framework/Versions/A/Frameworks/ATS.framework/Versions/A/Resources/libFontRegistry.dylib
0x000000000a1c1000 	/System/Library/PrivateFrameworks/AppleVPA.framework/Versions/A/AppleVPA
0x000000000a1c1000 	/System/Library/PrivateFrameworks/AppleJPEG.framework/Versions/A/AppleJPEG
0x000000000a1c1000 	/System/Library/Frameworks/ImageIO.framework/Versions/A/Resources/libJPEG.dylib
0x000000000a1c1000 	/System/Library/Frameworks/ImageIO.framework/Versions/A/Resources/libTIFF.dylib
0x000000000a1c1000 	/System/Library/Frameworks/ImageIO.framework/Versions/A/Resources/libPng.dylib
0x000000000a1c1000 	/System/Library/Frameworks/ImageIO.framework/Versions/A/Resources/libGIF.dylib
0x000000000a1c1000 	/System/Library/Frameworks/ImageIO.framework/Versions/A/Resources/libJP2.dylib
0x000000000a1c1000 	/System/Library/Frameworks/ImageIO.framework/Versions/A/Resources/libRadiance.dylib
0x000000000a1c1000 	/System/Library/Frameworks/CoreVideo.framework/Versions/A/CoreVideo
0x000000000a1c1000 	/System/Library/Frameworks/OpenGL.framework/Versions/A/Libraries/libGLU.dylib
0x000000000a1c1000 	/System/Library/Frameworks/OpenGL.framework/Versions/A/Libraries/libGFXShared.dylib
0x000000000a1c1000 	/System/Library/Frameworks/OpenGL.framework/Versions/A/Libraries/libGL.dylib
0x000000000a1c1000 	/System/Library/Frameworks/OpenGL.framework/Versions/A/Libraries/libGLImage.dylib
0x000000000a1c1000 	/System/Library/Frameworks/OpenGL.framework/Versions/A/Libraries/libCVMSPluginSupport.dylib
0x000000000a1c1000 	/System/Library/Frameworks/OpenGL.framework/Versions/A/Libraries/libCoreVMClient.dylib
0x000000000a1c1000 	/usr/lib/libcups.2.dylib
0x000000000a1c1000 	/System/Library/Frameworks/Kerberos.framework/Versions/A/Kerberos
0x000000000a1c1000 	/System/Library/Frameworks/GSS.framework/Versions/A/GSS
0x000000000a1c1000 	/usr/lib/libresolv.9.dylib
0x000000000a1c1000 	/usr/lib/libiconv.2.dylib
0x000000000a1c1000 	/System/Library/PrivateFrameworks/Heimdal.framework/Versions/A/Heimdal
0x000000000a1c1000 	/usr/lib/libheimdal-asn1.dylib
0x000000000a1c1000 	/System/Library/Frameworks/OpenDirectory.framework/Versions/A/OpenDirectory
0x000000000a1c1000 	/System/Library/PrivateFrameworks/CommonAuth.framework/Versions/A/CommonAuth
0x000000000a1c1000 	/System/Library/Frameworks/OpenDirectory.framework/Versions/A/Frameworks/CFOpenDirectory.framework/Versions/A/CFOpenDirectory
0x000000000a1c1000 	/System/Library/Frameworks/SecurityFoundation.framework/Versions/A/SecurityFoundation
0x000000000a1c1000 	/System/Library/PrivateFrameworks/LanguageModeling.framework/Versions/A/LanguageModeling
0x000000000a1c1000 	/usr/lib/libmarisa.dylib
0x000000000a1c1000 	/usr/lib/libChineseTokenizer.dylib
0x000000000a1c1000 	/usr/lib/libcmph.dylib
0x000000000a1c1000 	/usr/lib/libcompression.dylib
0x000000000a1c1000 	/System/Library/Frameworks/ServiceManagement.framework/Versions/A/ServiceManagement
0x000000000a1c1000 	/usr/lib/libxslt.1.dylib
0x000000000a1c1000 	/System/Library/Frameworks/Carbon.framework/Versions/A/Frameworks/Ink.framework/Versions/A/Ink
0x000000000a1c1000 	/usr/lib/libFosl_dynamic.dylib
0x000000000a1c1000 	/System/Library/PrivateFrameworks/FaceCore.framework/Versions/A/FaceCore
0x000000000a1c1000 	/System/Library/Frameworks/OpenCL.framework/Versions/A/OpenCL
0x000000000a1c1000 	/System/Library/PrivateFrameworks/CrashReporterSupport.framework/Versions/A/CrashReporterSupport
0x000000000a1c1000 	/System/Library/PrivateFrameworks/IconServices.framework/Versions/A/IconServices
0x000000000a1c1000 	/System/Library/PrivateFrameworks/Apple80211.framework/Versions/A/Apple80211
0x000000000a1c1000 	/System/Library/Frameworks/CoreWLAN.framework/Versions/A/CoreWLAN
0x000000000a1c1000 	/System/Library/Frameworks/IOBluetooth.framework/Versions/A/IOBluetooth
0x000000000a1c1000 	/System/Library/PrivateFrameworks/CoreWiFi.framework/Versions/A/CoreWiFi
0x000000000a1c1000 	/System/Library/Frameworks/CoreBluetooth.framework/Versions/A/CoreBluetooth
0x000000000a1c1000 	/System/Library/PrivateFrameworks/ChunkingLibrary.framework/Versions/A/ChunkingLibrary
0x000000000a1c1000 	/System/Library/PrivateFrameworks/DebugSymbols.framework/Versions/A/DebugSymbols
0x000000000a1c1000 	/System/Library/PrivateFrameworks/CoreSymbolication.framework/Versions/A/CoreSymbolication
0x000000000a1c1000 	/System/Library/PrivateFrameworks/Symbolication.framework/Versions/A/Symbolication
0x000000000a1c1000 	/System/Library/PrivateFrameworks/SpeechRecognitionCore.framework/Versions/A/SpeechRecognitionCore
0x0000000104a00000 	/Library/Java/JavaVirtualMachines/jdk1.8.0_25.jdk/Contents/Home/jre/lib/server/libjvm.dylib
0x000000000a1c1000 	/usr/lib/libstdc++.6.dylib
0x0000000103889000 	/Library/Java/JavaVirtualMachines/jdk1.8.0_25.jdk/Contents/Home/jre/lib/libverify.dylib
0x0000000103897000 	/Library/Java/JavaVirtualMachines/jdk1.8.0_25.jdk/Contents/Home/jre/lib/libjava.dylib
0x00000001038cc000 	/Library/Java/JavaVirtualMachines/jdk1.8.0_25.jdk/Contents/Home/jre/lib/libjdwp.dylib
0x0000000103917000 	/Library/Java/JavaVirtualMachines/jdk1.8.0_25.jdk/Contents/Home/jre/lib/libnpt.dylib
0x0000000103924000 	/Library/Java/JavaVirtualMachines/jdk1.8.0_25.jdk/Contents/Home/jre/lib/libzip.dylib
0x0000000120905000 	/System/Library/Frameworks/JavaVM.framework/Frameworks/JavaRuntimeSupport.framework/JavaRuntimeSupport
0x0000000120920000 	/System/Library/Frameworks/JavaVM.framework/Versions/A/Frameworks/JavaNativeFoundation.framework/Versions/A/JavaNativeFoundation
0x0000000120935000 	/System/Library/Frameworks/JavaVM.framework/Versions/A/JavaVM
0x000000000a1c1000 	/System/Library/Frameworks/Carbon.framework/Versions/A/Carbon
0x0000000120942000 	/System/Library/PrivateFrameworks/JavaLaunching.framework/Versions/A/JavaLaunching
0x000000000a1c1000 	/System/Library/Frameworks/Carbon.framework/Versions/A/Frameworks/CommonPanels.framework/Versions/A/CommonPanels
0x000000000a1c1000 	/System/Library/Frameworks/Carbon.framework/Versions/A/Frameworks/Help.framework/Versions/A/Help
0x000000000a1c1000 	/System/Library/Frameworks/Carbon.framework/Versions/A/Frameworks/ImageCapture.framework/Versions/A/ImageCapture
0x000000000a1c1000 	/System/Library/Frameworks/Carbon.framework/Versions/A/Frameworks/OpenScripting.framework/Versions/A/OpenScripting
0x000000000a1c1000 	/System/Library/Frameworks/Carbon.framework/Versions/A/Frameworks/Print.framework/Versions/A/Print
0x000000000a1c1000 	/System/Library/Frameworks/Carbon.framework/Versions/A/Frameworks/SecurityHI.framework/Versions/A/SecurityHI
0x000000012225f000 	/Library/Java/JavaVirtualMachines/jdk1.8.0_25.jdk/Contents/Home/jre/lib/libdt_socket.dylib
0x00000001222b6000 	/Library/Java/JavaVirtualMachines/jdk1.8.0_25.jdk/Contents/Home/jre/lib/libnet.dylib
0x000000012233f000 	/Library/Java/JavaVirtualMachines/jdk1.8.0_25.jdk/Contents/Home/jre/lib/libmanagement.dylib
0x00000001223d8000 	/Library/Java/JavaVirtualMachines/jdk1.8.0_25.jdk/Contents/Home/jre/lib/libnio.dylib

VM Arguments:
jvm_args: -agentlib:jdwp=transport=dt_socket,suspend=y,address=localhost:48798 -Djava.util.logging.config.file=/Users/jfallows/.logging/logging.properties -Dfile.encoding=UTF-8 
java_command: org.eclipse.jdt.internal.junit.runner.RemoteTestRunner -version 3 -port 48797 -testLoaderClass org.eclipse.jdt.internal.junit4.runner.JUnit4TestLoader -loaderpluginname org.eclipse.jdt.junit4.runtime -test org.kaazing.nuklei.echo.internal.stream.AcceptIT:shouldEstablishConnection
java_class_path (initial): /Users/jfallows/GitHub/jfallows/nuklei/echo/target/test-classes:/Users/jfallows/GitHub/jfallows/nuklei/echo/target/classes:/Users/jfallows/GitHub/jfallows/nuklei/api/target/classes:/Users/jfallows/.m2/repository/uk/co/real-logic/Agrona/0.4.5/Agrona-0.4.5.jar:/Users/jfallows/GitHub/jfallows/nuklei/test/target/classes:/Users/jfallows/.m2/repository/junit/junit/4.12/junit-4.12.jar:/Users/jfallows/.m2/repository/org/hamcrest/hamcrest-core/1.3/hamcrest-core-1.3.jar:/Users/jfallows/GitHub/jfallows/nuklei/specification-echo/target/classes:/Users/jfallows/GitHub/jfallows/k3po/junit/target/classes:/Users/jfallows/GitHub/jfallows/k3po/control/target/classes:/Users/jfallows/.m2/repository/org/kaazing/net.tcp/1.1.0.9/net.tcp-1.1.0.9.jar:/Users/jfallows/.m2/repository/org/kaazing/net.api/1.1.0.9/net.api-1.1.0.9.jar:/Users/jfallows/.m2/repository/org/hamcrest/hamcrest-all/1.3/hamcrest-all-1.3.jar:/Users/jfallows/.m2/repository/org/mockito/mockito-all/1.9.5/mockito-all-1.9.5.jar:/Users/jfallows/.m2/repository/org/kaazing/k3po.lang/2.0.3/k3po.lang-2.0.3.jar:/Users/jfallows/.m2/repository/org/antlr/antlr4-runtime/4.2.2/antlr4-runtime-4.2.2.jar:/Users/jfallows/.m2/repository/org/abego/treelayout/org.abego.treelayout.core/1.0.1/org.abego.treelayout.core-1.0.1.jar:/Users/jfallows/.m2/repository/org/antlr/antlr4-annotations/4.2.2/antlr4-annotations-4.2.2.jar:/Users/jfallows/.m2/repository/de/odysseus/juel/juel-api/2.2.7/juel-api-2.2.7.jar:/Users/jfallows/.m2/repository/de/odysseus/juel/juel-impl/2.2.7/juel-impl-2.2.7.jar:/Users/jfallows/.m2/repository/org/kaazing/community.license/2.17/community.license-2.17.jar:/Applications/eclipse/configuration/org.eclipse.osgi/203/0/.cp/:/Applications/eclipse/configuration/org.eclipse.osgi/202/0/.cp/
Launcher Type: SUN_STANDARD

Environment Variables:
PATH=/usr/bin:/bin:/usr/sbin:/sbin
SHELL=/bin/bash
DISPLAY=/private/tmp/com.apple.launchd.hceBLfTnSJ/org.macosforge.xquartz:0

Signal Handlers:
SIGSEGV: [libjvm.dylib+0x579dc7], sa_mask[0]=11111111011111110111111111111111, sa_flags=SA_ONSTACK|SA_RESTART|SA_SIGINFO
SIGBUS: [libjvm.dylib+0x579dc7], sa_mask[0]=11111111011111110111111111111111, sa_flags=SA_RESTART|SA_SIGINFO
SIGFPE: [libjvm.dylib+0x45b030], sa_mask[0]=11111111011111110111111111111111, sa_flags=SA_RESTART|SA_SIGINFO
SIGPIPE: [libjvm.dylib+0x45b030], sa_mask[0]=11111111011111110111111111111111, sa_flags=SA_RESTART|SA_SIGINFO
SIGXFSZ: [libjvm.dylib+0x45b030], sa_mask[0]=11111111011111110111111111111111, sa_flags=SA_RESTART|SA_SIGINFO
SIGILL: [libjvm.dylib+0x45b030], sa_mask[0]=11111111011111110111111111111111, sa_flags=SA_RESTART|SA_SIGINFO
SIGUSR1: SIG_DFL, sa_mask[0]=00000000000000000000000000000000, sa_flags=none
SIGUSR2: [libjvm.dylib+0x45ab4e], sa_mask[0]=00100000000000000000000000000000, sa_flags=SA_RESTART|SA_SIGINFO
SIGHUP: [libjvm.dylib+0x459121], sa_mask[0]=11111111011111110111111111111111, sa_flags=SA_RESTART|SA_SIGINFO
SIGINT: [libjvm.dylib+0x459121], sa_mask[0]=11111111011111110111111111111111, sa_flags=SA_RESTART|SA_SIGINFO
SIGTERM: [libjvm.dylib+0x459121], sa_mask[0]=11111111011111110111111111111111, sa_flags=SA_RESTART|SA_SIGINFO
SIGQUIT: [libjvm.dylib+0x459121], sa_mask[0]=11111111011111110111111111111111, sa_flags=SA_RESTART|SA_SIGINFO


---------------  S Y S T E M  ---------------

OS:Bsduname:Darwin 15.0.0 Darwin Kernel Version 15.0.0: Sat Sep 19 15:53:46 PDT 2015; root:xnu-3247.10.11~1/RELEASE_X86_64 x86_64
rlimit: STACK 8192k, CORE 0k, NPROC 709, NOFILE 10240, AS infinity
load average:2.56 2.67 2.89

CPU:total 8 (4 cores per cpu, 2 threads per core) family 6 model 70 stepping 1, cmov, cx8, fxsr, mmx, sse, sse2, sse3, ssse3, sse4.1, sse4.2, popcnt, avx, avx2, aes, clmul, erms, rtm, lzcnt, ht, tsc, tscinvbit, bmi1, bmi2

Memory: 4k page, physical 16777216k(1544556k free)

/proc/meminfo:


vm_info: Java HotSpot(TM) 64-Bit Server VM (25.25-b02) for bsd-amd64 JRE (1.8.0_25-b17), built on Sep 17 2014 16:56:50 by "java_re" with gcc 4.2.1 (Based on Apple Inc. build 5658) (LLVM build 2336.11.00)

time: Fri Nov 27 15:13:05 2015
elapsed time: 47 seconds (0d 0h 0m 47s)

