#
# Copyright 2007-2016, Kaazing Corporation. All rights reserved.
#
# Licensed under the Apache License, Version 2.0 (the "License");
# you may not use this file except in compliance with the License.
# You may obtain a copy of the License at
#
# http://www.apache.org/licenses/LICENSE-2.0
#
# Unless required by applicable law or agreed to in writing, software
# distributed under the License is distributed on an "AS IS" BASIS,
# WITHOUT WARRANTIES OR CONDITIONS OF ANY KIND, either express or implied.
# See the License for the specific language governing permissions and
# limitations under the License.
#

property newSourceRef ${nuklei:newInitialRef()} # external scope

property nuklei ${nuklei:directory("target/nukleus-itests").streamsCapacity(1024 * 1024, 64 * 1024)}

property sourceInitial ${nuklei.streams("tcp", "source")}
property sourceReply ${nuklei.streams("source", "tcp#target")}

property newSourceId ${nuklei:newStreamId()}
property newSourceReplyId ${nuklei:newStreamId()}
property newSourceReplyRef ${nuklei:newReplyRef()}

connect await ROUTED
        agrona://stream/bidirectional
        option reader ${agrona:manyToOneReader(sourceInitial.throttle)}
        option writer ${agrona:manyToOneWriter(sourceInitial.buffer)}
connected

write [0x00 0x00 0x00 0x01]
write ${newSourceId}
write ${newSourceRef}
write ${newSourceReplyId}
write ${newSourceReplyRef}
write flush

read [0x40 0x00 0x00 0x02]
read ${newSourceId}
read [0..4]

close
closed

connect await ROUTED
        agrona://stream/bidirectional
        option reader ${agrona:manyToOneReader(sourceReply.buffer)}
        option writer ${agrona:manyToOneWriter(sourceReply.throttle)}
connected

read [0x00 0x00 0x00 0x01]
read ${newSourceReplyId}
read ${newSourceReplyRef}
read ${newSourceId}
read ${newSourceRef}
read ([0..8]:targetAddress)
read ([0..8]:sourceAddress)

close
closed
